==5953== Memcheck, a memory error detector
==5953== Copyright (C) 2002-2017, and GNU GPL'd, by Julian Seward et al.
==5953== Using Valgrind-3.13.0 and LibVEX; rerun with -h for copyright info
==5953== Command: ./SCarborSNV -t 2 -m 3
==5953== Parent PID: 5595
==5953== 
==5953== Invalid read of size 8
==5953==    at 0x1108C7: piler_module::Batch::~Batch() (piler_batch.cpp:56)
==5953==    by 0x11298E: main (scarborsnv.cpp:27)
==5953==  Address 0x5d9e168 is 8 bytes before a block of size 56 alloc'd
==5953==    at 0x4C3017F: operator new(unsigned long) (in /usr/lib/valgrind/vgpreload_memcheck-amd64-linux.so)
==5953==    by 0x11005E: piler_module::Piler::make_batch() (piler.cpp:143)
==5953==    by 0x10FE80: piler_module::Piler::fill_queue() (piler.cpp:88)
==5953==    by 0x10FE16: piler_module::Piler::try_fill_queue() (piler.cpp:79)
==5953==    by 0x10FBAA: piler_module::Piler::Piler(std::istream*, bool, int, int, int, bool) (piler.cpp:27)
==5953==    by 0x1128F8: main (scarborsnv.cpp:22)
==5953== 
==5953== Invalid free() / delete / delete[] / realloc()
==5953==    at 0x4C3173B: operator delete[](void*) (in /usr/lib/valgrind/vgpreload_memcheck-amd64-linux.so)
==5953==    by 0x110924: piler_module::Batch::~Batch() (piler_batch.cpp:56)
==5953==    by 0x11298E: main (scarborsnv.cpp:27)
==5953==  Address 0x5d9e168 is 8 bytes before a block of size 56 alloc'd
==5953==    at 0x4C3017F: operator new(unsigned long) (in /usr/lib/valgrind/vgpreload_memcheck-amd64-linux.so)
==5953==    by 0x11005E: piler_module::Piler::make_batch() (piler.cpp:143)
==5953==    by 0x10FE80: piler_module::Piler::fill_queue() (piler.cpp:88)
==5953==    by 0x10FE16: piler_module::Piler::try_fill_queue() (piler.cpp:79)
==5953==    by 0x10FBAA: piler_module::Piler::Piler(std::istream*, bool, int, int, int, bool) (piler.cpp:27)
==5953==    by 0x1128F8: main (scarborsnv.cpp:22)
==5953== 
==5953== Invalid read of size 4
==5953==    at 0x11302B: piler_module::Locus::~Locus() (piler_locus.cpp:37)
==5953==    by 0x110901: piler_module::Batch::~Batch() (piler_batch.cpp:56)
==5953==    by 0x11298E: main (scarborsnv.cpp:27)
==5953==  Address 0x1a1a1a1a1ff90ffc is not stack'd, malloc'd or (recently) free'd
==5953== 
==5953== 
==5953== Process terminating with default action of signal 11 (SIGSEGV)
==5953==  General Protection Fault
==5953==    at 0x11302B: piler_module::Locus::~Locus() (piler_locus.cpp:37)
==5953==    by 0x110901: piler_module::Batch::~Batch() (piler_batch.cpp:56)
==5953==    by 0x11298E: main (scarborsnv.cpp:27)
==5953== 
==5953== HEAP SUMMARY:
==5953==     in use at exit: 87,368,232 bytes in 16,909 blocks
==5953==   total heap usage: 58,257 allocs, 44,707 frees, 107,676,904 bytes allocated
==5953== 
==5953== 8,880 (1,680 direct, 7,200 indirect) bytes in 30 blocks are definitely lost in loss record 10 of 15
==5953==    at 0x4C3017F: operator new(unsigned long) (in /usr/lib/valgrind/vgpreload_memcheck-amd64-linux.so)
==5953==    by 0x11005E: piler_module::Piler::make_batch() (piler.cpp:143)
==5953==    by 0x10FE80: piler_module::Piler::fill_queue() (piler.cpp:88)
==5953==    by 0x10FE16: piler_module::Piler::try_fill_queue() (piler.cpp:79)
==5953==    by 0x10FBAA: piler_module::Piler::Piler(std::istream*, bool, int, int, int, bool) (piler.cpp:27)
==5953==    by 0x1128F8: main (scarborsnv.cpp:22)
==5953== 
==5953== 448,256 bytes in 11 blocks are possibly lost in loss record 12 of 15
==5953==    at 0x4C3089F: operator new[](unsigned long) (in /usr/lib/valgrind/vgpreload_memcheck-amd64-linux.so)
==5953==    by 0x112F26: piler_module::Locus::add_cell(int, std::__cxx11::basic_string<char, std::char_traits<char>, std::allocator<char> >, std::__cxx11::basic_string<char, std::char_traits<char>, std::allocator<char> >) (piler_locus.cpp:27)
==5953==    by 0x11016A: piler_module::Piler::make_batch() (piler.cpp:153)
==5953==    by 0x10FE80: piler_module::Piler::fill_queue() (piler.cpp:88)
==5953==    by 0x10FE16: piler_module::Piler::try_fill_queue() (piler.cpp:79)
==5953==    by 0x10FC45: piler_module::Piler::get_next_batch() (piler.cpp:40)
==5953==    by 0x1129A5: main (scarborsnv.cpp:28)
==5953== 
==5953== 85,576,928 (185,920 direct, 85,391,008 indirect) bytes in 3,320 blocks are definitely lost in loss record 15 of 15
==5953==    at 0x4C3017F: operator new(unsigned long) (in /usr/lib/valgrind/vgpreload_memcheck-amd64-linux.so)
==5953==    by 0x11005E: piler_module::Piler::make_batch() (piler.cpp:143)
==5953==    by 0x10FE80: piler_module::Piler::fill_queue() (piler.cpp:88)
==5953==    by 0x10FE16: piler_module::Piler::try_fill_queue() (piler.cpp:79)
==5953==    by 0x10FC45: piler_module::Piler::get_next_batch() (piler.cpp:40)
==5953==    by 0x1129A5: main (scarborsnv.cpp:28)
==5953== 
==5953== LEAK SUMMARY:
==5953==    definitely lost: 187,600 bytes in 3,350 blocks
==5953==    indirectly lost: 85,398,208 bytes in 13,389 blocks
==5953==      possibly lost: 448,256 bytes in 11 blocks
==5953==    still reachable: 1,334,168 bytes in 159 blocks
==5953==         suppressed: 0 bytes in 0 blocks
==5953== Reachable blocks (those to which a pointer was found) are not shown.
==5953== To see them, rerun with: --leak-check=full --show-leak-kinds=all
==5953== 
==5953== For counts of detected and suppressed errors, rerun with: -v
==5953== ERROR SUMMARY: 6723 errors from 6 contexts (suppressed: 0 from 0)
