==6025== Memcheck, a memory error detector
==6025== Copyright (C) 2002-2017, and GNU GPL'd, by Julian Seward et al.
==6025== Using Valgrind-3.13.0 and LibVEX; rerun with -h for copyright info
==6025== Command: ./SCarborSNV -t 2 -m 3
==6025== Parent PID: 5595
==6025== 
==6025== Conditional jump or move depends on uninitialised value(s)
==6025==    at 0x11088F: piler_module::Batch::~Batch() (piler_batch.cpp:56)
==6025==    by 0x112908: main (scarborsnv.cpp:27)
==6025==  Uninitialised value was created by a heap allocation
==6025==    at 0x4C3089F: operator new[](unsigned long) (in /usr/lib/valgrind/vgpreload_memcheck-amd64-linux.so)
==6025==    by 0x110727: piler_module::Batch::Batch(unsigned int, int) (piler_batch.cpp:18)
==6025==    by 0x10FF1F: piler_module::Piler::make_batch() (piler.cpp:98)
==6025==    by 0x10FE80: piler_module::Piler::fill_queue() (piler.cpp:88)
==6025==    by 0x10FE16: piler_module::Piler::try_fill_queue() (piler.cpp:79)
==6025==    by 0x10FC45: piler_module::Piler::get_next_batch() (piler.cpp:40)
==6025==    by 0x11291F: main (scarborsnv.cpp:28)
==6025== 
==6025== Use of uninitialised value of size 8
==6025==    at 0x112FA5: piler_module::Locus::~Locus() (piler_locus.cpp:37)
==6025==    by 0x110898: piler_module::Batch::~Batch() (piler_batch.cpp:56)
==6025==    by 0x112908: main (scarborsnv.cpp:27)
==6025==  Uninitialised value was created by a heap allocation
==6025==    at 0x4C3089F: operator new[](unsigned long) (in /usr/lib/valgrind/vgpreload_memcheck-amd64-linux.so)
==6025==    by 0x110727: piler_module::Batch::Batch(unsigned int, int) (piler_batch.cpp:18)
==6025==    by 0x10FF1F: piler_module::Piler::make_batch() (piler.cpp:98)
==6025==    by 0x10FE80: piler_module::Piler::fill_queue() (piler.cpp:88)
==6025==    by 0x10FE16: piler_module::Piler::try_fill_queue() (piler.cpp:79)
==6025==    by 0x10FC45: piler_module::Piler::get_next_batch() (piler.cpp:40)
==6025==    by 0x11291F: main (scarborsnv.cpp:28)
==6025== 
==6025== Invalid read of size 4
==6025==    at 0x112FA5: piler_module::Locus::~Locus() (piler_locus.cpp:37)
==6025==    by 0x110898: piler_module::Batch::~Batch() (piler_batch.cpp:56)
==6025==    by 0x112908: main (scarborsnv.cpp:27)
==6025==  Address 0x6f6e6f6e000001e4 is not stack'd, malloc'd or (recently) free'd
==6025== 
==6025== 
==6025== Process terminating with default action of signal 11 (SIGSEGV)
==6025==  General Protection Fault
==6025==    at 0x112FA5: piler_module::Locus::~Locus() (piler_locus.cpp:37)
==6025==    by 0x110898: piler_module::Batch::~Batch() (piler_batch.cpp:56)
==6025==    by 0x112908: main (scarborsnv.cpp:27)
==6025== 
==6025== HEAP SUMMARY:
==6025==     in use at exit: 800 bytes in 5 blocks
==6025==   total heap usage: 90,091 allocs, 90,086 frees, 163,092,431 bytes allocated
==6025== 
==6025== LEAK SUMMARY:
==6025==    definitely lost: 0 bytes in 0 blocks
==6025==    indirectly lost: 0 bytes in 0 blocks
==6025==      possibly lost: 0 bytes in 0 blocks
==6025==    still reachable: 800 bytes in 5 blocks
==6025==         suppressed: 0 bytes in 0 blocks
==6025== Reachable blocks (those to which a pointer was found) are not shown.
==6025== To see them, rerun with: --leak-check=full --show-leak-kinds=all
==6025== 
==6025== For counts of detected and suppressed errors, rerun with: -v
==6025== ERROR SUMMARY: 3 errors from 3 contexts (suppressed: 0 from 0)
